<?xml version="1.0" encoding="UTF-8" ?>
<testsuite errors="0" failures="0" hostname="Alex" name="com.hitch.hiker.BookingServiceTests" tests="1" time="24.699" timestamp="2013-07-20T11:37:19">
  <properties />
  <testcase classname="com.hitch.hiker.BookingServiceTests" name="testFetchAndDelete" time="24.649" />
  <system-out><![CDATA[]]></system-out>
  <system-err><![CDATA[]]></system-err>
</testsuite>
